c:\users\piero vizcarra\source\repos\laboratorio4is2\laboratorio4is2\x64\debug\laboratorio4is2.pch
c:\users\piero vizcarra\source\repos\laboratorio4is2\laboratorio4is2\x64\debug\vc143.pdb
c:\users\piero vizcarra\source\repos\laboratorio4is2\laboratorio4is2\x64\debug\pch.obj
c:\users\piero vizcarra\source\repos\laboratorio4is2\laboratorio4is2\x64\debug\test.obj
c:\users\piero vizcarra\source\repos\laboratorio4is2\x64\debug\gtest.pdb
c:\users\piero vizcarra\source\repos\laboratorio4is2\x64\debug\gtest_main.pdb
c:\users\piero vizcarra\source\repos\laboratorio4is2\x64\debug\laboratorio4is2.pdb
c:\users\piero vizcarra\source\repos\laboratorio4is2\laboratorio4is2\x64\debug\laboratorio4is2.tlog\cl.command.1.tlog
c:\users\piero vizcarra\source\repos\laboratorio4is2\laboratorio4is2\x64\debug\laboratorio4is2.tlog\cl.read.1.tlog
c:\users\piero vizcarra\source\repos\laboratorio4is2\laboratorio4is2\x64\debug\laboratorio4is2.tlog\cl.write.1.tlog
c:\users\piero vizcarra\source\repos\laboratorio4is2\laboratorio4is2\x64\debug\laboratorio4is2.tlog\copylocal.read.1u.tlog
c:\users\piero vizcarra\source\repos\laboratorio4is2\laboratorio4is2\x64\debug\laboratorio4is2.tlog\copylocal.write.1u.tlog
c:\users\piero vizcarra\source\repos\laboratorio4is2\laboratorio4is2\x64\debug\laboratorio4is2.tlog\link-cvtres.read.1.tlog
c:\users\piero vizcarra\source\repos\laboratorio4is2\laboratorio4is2\x64\debug\laboratorio4is2.tlog\link-cvtres.write.1.tlog
c:\users\piero vizcarra\source\repos\laboratorio4is2\laboratorio4is2\x64\debug\laboratorio4is2.tlog\link-rc.read.1.tlog
c:\users\piero vizcarra\source\repos\laboratorio4is2\laboratorio4is2\x64\debug\laboratorio4is2.tlog\link-rc.write.1.tlog
c:\users\piero vizcarra\source\repos\laboratorio4is2\laboratorio4is2\x64\debug\laboratorio4is2.tlog\link.command.1.tlog
c:\users\piero vizcarra\source\repos\laboratorio4is2\laboratorio4is2\x64\debug\laboratorio4is2.tlog\link.read.1.tlog
c:\users\piero vizcarra\source\repos\laboratorio4is2\laboratorio4is2\x64\debug\laboratorio4is2.tlog\link.read.2.tlog
c:\users\piero vizcarra\source\repos\laboratorio4is2\laboratorio4is2\x64\debug\laboratorio4is2.tlog\link.write.1.tlog
